# JRE version: OpenJDK Runtime Environment Temurin-21.0.10+7 (21.0.10+7) (build 21.0.10+7-LTS)
# Java VM: OpenJDK 64-Bit Server VM Temurin-21.0.10+7 (21.0.10+7-LTS, mixed mode, sharing, tiered, compressed oops, compressed class ptrs, g1 gc, windows-amd64)
GC Precious Log:
 CardTable entry size: 512
 Card Set container configuration: InlinePtr #cards 5 size 8 Array Of Cards #cards 12 size 40 Howl #buckets 4 coarsen threshold 1843 Howl Bitmap #cards 512 size 80 coarsen threshold 460 Card regions per heap region 1 cards per card region 2048
 CPUs: 8 total, 8 available
 Memory: 14222M
 Large Page Support: Disabled
 NUMA Support: Disabled
 Compressed Oops: Enabled (32-bit)
 Heap Region Size: 1M
 Heap Min Capacity: 8M
 Heap Initial Capacity: 224M
 Heap Max Capacity: 2G
 Pre-touch: Disabled
 Parallel Workers: 8
 Concurrent Workers: 2
 Concurrent Refinement Workers: 8
 Periodic GC: Disabled
Heap:
 garbage-first heap   total 265216K, used 180042K [0x0000000080000000, 0x0000000100000000)
  region size 1024K, 32 young (32768K), 12 survivors (12288K)
 Metaspace       used 142659K, committed 145280K, reserved 557056K
  class space    used 18398K, committed 19712K, reserved 425984K
GC Heap History (20 events):
Event: 47.596 GC heap before
{Heap before GC invocations=51 (full 0):
 garbage-first heap   total 218112K, used 193510K [0x0000000080000000, 0x0000000100000000)
  region size 1024K, 69 young (70656K), 9 survivors (9216K)
 Metaspace       used 132303K, committed 134784K, reserved 557056K
  class space    used 17320K, committed 18560K, reserved 425984K
}
Event: 47.611 GC heap after
{Heap after GC invocations=52 (full 0):
 garbage-first heap   total 218112K, used 135984K [0x0000000080000000, 0x0000000100000000)
  region size 1024K, 8 young (8192K), 8 survivors (8192K)
 Metaspace       used 132303K, committed 134784K, reserved 557056K
  class space    used 17320K, committed 18560K, reserved 425984K
}
Event: 49.325 GC heap before
{Heap before GC invocations=52 (full 0):
 garbage-first heap   total 218112K, used 194352K [0x0000000080000000, 0x0000000100000000)
  region size 1024K, 65 young (66560K), 8 survivors (8192K)
 Metaspace       used 133181K, committed 135680K, reserved 557056K
  class space    used 17331K, committed 18560K, reserved 425984K
}
Event: 49.338 GC heap after
{Heap after GC invocations=53 (full 0):
 garbage-first heap   total 262144K, used 145204K [0x0000000080000000, 0x0000000100000000)
  region size 1024K, 9 young (9216K), 9 survivors (9216K)
 Metaspace       used 133181K, committed 135680K, reserved 557056K
  class space    used 17331K, committed 18560K, reserved 425984K
}
Event: 51.986 GC heap before
{Heap before GC invocations=54 (full 0):
 garbage-first heap   total 262144K, used 228148K [0x0000000080000000, 0x0000000100000000)
  region size 1024K, 91 young (93184K), 9 survivors (9216K)
 Metaspace       used 133439K, committed 136000K, reserved 557056K
  class space    used 17338K, committed 18624K, reserved 425984K
}
Event: 51.995 GC heap after
{Heap after GC invocations=55 (full 0):
 garbage-first heap   total 262144K, used 145741K [0x0000000080000000, 0x0000000100000000)
  region size 1024K, 2 young (2048K), 2 survivors (2048K)
 Metaspace       used 133439K, committed 136000K, reserved 557056K
  class space    used 17338K, committed 18624K, reserved 425984K
}
Event: 52.940 GC heap before
{Heap before GC invocations=55 (full 0):
 garbage-first heap   total 262144K, used 233805K [0x0000000080000000, 0x0000000100000000)
  region size 1024K, 87 young (89088K), 2 survivors (2048K)
 Metaspace       used 133616K, committed 136192K, reserved 557056K
  class space    used 17339K, committed 18624K, reserved 425984K
}
Event: 52.955 GC heap after
{Heap after GC invocations=56 (full 0):
 garbage-first heap   total 262144K, used 152147K [0x0000000080000000, 0x0000000100000000)
  region size 1024K, 11 young (11264K), 11 survivors (11264K)
 Metaspace       used 133616K, committed 136192K, reserved 557056K
  class space    used 17339K, committed 18624K, reserved 425984K
}
Event: 54.125 GC heap before
{Heap before GC invocations=56 (full 0):
 garbage-first heap   total 262144K, used 202323K [0x0000000080000000, 0x0000000100000000)
  region size 1024K, 61 young (62464K), 11 survivors (11264K)
 Metaspace       used 134121K, committed 136704K, reserved 557056K
  class space    used 17348K, committed 18624K, reserved 425984K
}
Event: 54.138 GC heap after
{Heap after GC invocations=57 (full 0):
 garbage-first heap   total 262144K, used 161436K [0x0000000080000000, 0x0000000100000000)
  region size 1024K, 9 young (9216K), 9 survivors (9216K)
 Metaspace       used 134121K, committed 136704K, reserved 557056K
  class space    used 17348K, committed 18624K, reserved 425984K
}
Event: 54.779 GC heap before
{Heap before GC invocations=58 (full 0):
 garbage-first heap   total 262144K, used 223900K [0x0000000080000000, 0x0000000100000000)
  region size 1024K, 80 young (81920K), 9 survivors (9216K)
 Metaspace       used 134295K, committed 136832K, reserved 557056K
  class space    used 17351K, committed 18624K, reserved 425984K
}
Event: 54.786 GC heap after
{Heap after GC invocations=59 (full 0):
 garbage-first heap   total 262144K, used 150407K [0x0000000080000000, 0x0000000100000000)
  region size 1024K, 5 young (5120K), 5 survivors (5120K)
 Metaspace       used 134295K, committed 136832K, reserved 557056K
  class space    used 17351K, committed 18624K, reserved 425984K
}
Event: 55.566 GC heap before
{Heap before GC invocations=59 (full 0):
 garbage-first heap   total 262144K, used 234375K [0x0000000080000000, 0x0000000100000000)
  region size 1024K, 86 young (88064K), 5 survivors (5120K)
 Metaspace       used 134464K, committed 137024K, reserved 557056K
  class space    used 17352K, committed 18624K, reserved 425984K
}
Event: 55.585 GC heap after
{Heap after GC invocations=60 (full 0):
 garbage-first heap   total 262144K, used 137477K [0x0000000080000000, 0x0000000100000000)
  region size 1024K, 11 young (11264K), 11 survivors (11264K)
 Metaspace       used 134464K, committed 137024K, reserved 557056K
  class space    used 17352K, committed 18624K, reserved 425984K
}
Event: 58.998 GC heap before
{Heap before GC invocations=60 (full 0):
 garbage-first heap   total 262144K, used 226565K [0x0000000080000000, 0x0000000100000000)
  region size 1024K, 100 young (102400K), 11 survivors (11264K)
 Metaspace       used 139979K, committed 142528K, reserved 557056K
  class space    used 18064K, committed 19328K, reserved 425984K
}
Event: 59.011 GC heap after
{Heap after GC invocations=61 (full 0):
 garbage-first heap   total 262144K, used 137455K [0x0000000080000000, 0x0000000100000000)
  region size 1024K, 7 young (7168K), 7 survivors (7168K)
 Metaspace       used 139979K, committed 142528K, reserved 557056K
  class space    used 18064K, committed 19328K, reserved 425984K
}
Event: 59.469 GC heap before
{Heap before GC invocations=62 (full 0):
 garbage-first heap   total 262144K, used 237807K [0x0000000080000000, 0x0000000100000000)
  region size 1024K, 98 young (100352K), 7 survivors (7168K)
 Metaspace       used 139994K, committed 142528K, reserved 557056K
  class space    used 18064K, committed 19328K, reserved 425984K
}
Event: 59.492 GC heap after
{Heap after GC invocations=63 (full 0):
 garbage-first heap   total 265216K, used 156672K [0x0000000080000000, 0x0000000100000000)
  region size 1024K, 13 young (13312K), 13 survivors (13312K)
 Metaspace       used 139994K, committed 142528K, reserved 557056K
  class space    used 18064K, committed 19328K, reserved 425984K
}
Event: 60.676 GC heap before
{Heap before GC invocations=63 (full 0):
 garbage-first heap   total 265216K, used 234496K [0x0000000080000000, 0x0000000100000000)
  region size 1024K, 89 young (91136K), 13 survivors (13312K)
 Metaspace       used 141392K, committed 143936K, reserved 557056K
  class space    used 18206K, committed 19456K, reserved 425984K
}
Event: 60.693 GC heap after
{Heap after GC invocations=64 (full 0):
 garbage-first heap   total 265216K, used 160586K [0x0000000080000000, 0x0000000100000000)
  region size 1024K, 12 young (12288K), 12 survivors (12288K)
 Metaspace       used 141392K, committed 143936K, reserved 557056K
  class space    used 18206K, committed 19456K, reserved 425984K
}

